  [1m[35m (635.7ms)[0m  [1m[35mCREATE DATABASE "ninenine_cats_development" ENCODING = 'unicode'[0m
  ↳ bin/rails:9
  [1m[35m (381.8ms)[0m  [1m[35mCREATE DATABASE "ninenine_cats_test" ENCODING = 'unicode'[0m
  ↳ bin/rails:9
  [1m[35m (8.2ms)[0m  [1m[35mCREATE TABLE "schema_migrations" ("version" character varying NOT NULL PRIMARY KEY)[0m
  ↳ bin/rails:9
  [1m[35m (4.0ms)[0m  [1m[35mCREATE TABLE "ar_internal_metadata" ("key" character varying NOT NULL PRIMARY KEY, "value" character varying, "created_at" timestamp NOT NULL, "updated_at" timestamp NOT NULL)[0m
  ↳ bin/rails:9
  [1m[35m (0.4ms)[0m  [1m[34mSELECT pg_try_advisory_lock(1110833500595108745)[0m
  ↳ bin/rails:9
  [1m[35m (0.8ms)[0m  [1m[34mSELECT "schema_migrations"."version" FROM "schema_migrations" ORDER BY "schema_migrations"."version" ASC[0m
  ↳ bin/rails:9
Migrating to CreateCats (20190402211115)
  [1m[35m (0.3ms)[0m  [1m[35mBEGIN[0m
  ↳ bin/rails:9
  [1m[35m (17.8ms)[0m  [1m[35mCREATE TABLE "cats" ("id" bigserial primary key, "birth_date" date, "color" character varying, "name" character varying, "description" text, "sex" character varying(1), "created_at" timestamp NOT NULL, "updated_at" timestamp NOT NULL)[0m
  ↳ db/migrate/20190402211115_create_cats.rb:3
  [1m[36mActiveRecord::SchemaMigration Create (0.6ms)[0m  [1m[32mINSERT INTO "schema_migrations" ("version") VALUES ($1) RETURNING "version"[0m  [["version", "20190402211115"]]
  ↳ bin/rails:9
  [1m[35m (0.7ms)[0m  [1m[35mCOMMIT[0m
  ↳ bin/rails:9
  [1m[36mActiveRecord::InternalMetadata Load (1.2ms)[0m  [1m[34mSELECT  "ar_internal_metadata".* FROM "ar_internal_metadata" WHERE "ar_internal_metadata"."key" = $1 LIMIT $2[0m  [["key", "environment"], ["LIMIT", 1]]
  ↳ bin/rails:9
  [1m[35m (0.3ms)[0m  [1m[35mBEGIN[0m
  ↳ bin/rails:9
  [1m[36mActiveRecord::InternalMetadata Create (0.6ms)[0m  [1m[32mINSERT INTO "ar_internal_metadata" ("key", "value", "created_at", "updated_at") VALUES ($1, $2, $3, $4) RETURNING "key"[0m  [["key", "environment"], ["value", "development"], ["created_at", "2019-04-02 21:12:18.913033"], ["updated_at", "2019-04-02 21:12:18.913033"]]
  ↳ bin/rails:9
  [1m[35m (0.5ms)[0m  [1m[35mCOMMIT[0m
  ↳ bin/rails:9
  [1m[35m (0.6ms)[0m  [1m[34mSELECT pg_advisory_unlock(1110833500595108745)[0m
  ↳ bin/rails:9
  [1m[35m (0.4ms)[0m  [1m[34mSELECT "schema_migrations"."version" FROM "schema_migrations" ORDER BY "schema_migrations"."version" ASC[0m
  ↳ bin/rails:9
  [1m[35m (3.4ms)[0m  [1m[34mSELECT "schema_migrations"."version" FROM "schema_migrations" ORDER BY "schema_migrations"."version" ASC[0m
  ↳ /usr/local/var/rbenv/versions/2.5.0/bin/annotate:23
  [1m[35m (1.0ms)[0m  [1m[34mSELECT "schema_migrations"."version" FROM "schema_migrations" ORDER BY "schema_migrations"."version" ASC[0m
  ↳ bin/rails:9
  [1m[35m (0.9ms)[0m  [1m[34mSELECT "schema_migrations"."version" FROM "schema_migrations" ORDER BY "schema_migrations"."version" ASC[0m
  ↳ bin/rails:9
  [1m[35m (0.3ms)[0m  [1m[34mSELECT "schema_migrations"."version" FROM "schema_migrations" ORDER BY "schema_migrations"."version" ASC[0m
  ↳ bin/rails:9
  [1m[35m (0.3ms)[0m  [1m[34mSELECT pg_try_advisory_lock(1110833500595108745)[0m
  ↳ bin/rails:9
  [1m[35m (0.3ms)[0m  [1m[34mSELECT "schema_migrations"."version" FROM "schema_migrations" ORDER BY "schema_migrations"."version" ASC[0m
  ↳ bin/rails:9
Migrating to CreateCats (20190402211115)
  [1m[35m (0.3ms)[0m  [1m[35mBEGIN[0m
  ↳ bin/rails:9
  [1m[35m (83.8ms)[0m  [1m[35mDROP TABLE "cats"[0m
  ↳ bin/rails:9
  [1m[36mActiveRecord::SchemaMigration Destroy (0.8ms)[0m  [1m[31mDELETE FROM "schema_migrations" WHERE "schema_migrations"."version" = $1[0m  [["version", "20190402211115"]]
  ↳ bin/rails:9
  [1m[35m (31.2ms)[0m  [1m[35mCOMMIT[0m
  ↳ bin/rails:9
  [1m[35m (0.4ms)[0m  [1m[34mSELECT pg_advisory_unlock(1110833500595108745)[0m
  ↳ bin/rails:9
  [1m[35m (0.3ms)[0m  [1m[34mSELECT "schema_migrations"."version" FROM "schema_migrations" ORDER BY "schema_migrations"."version" ASC[0m
  ↳ bin/rails:9
  [1m[35m (0.4ms)[0m  [1m[34mSELECT pg_try_advisory_lock(1110833500595108745)[0m
  ↳ bin/rails:9
  [1m[35m (1.0ms)[0m  [1m[34mSELECT "schema_migrations"."version" FROM "schema_migrations" ORDER BY "schema_migrations"."version" ASC[0m
  ↳ bin/rails:9
Migrating to CreateCats (20190402211115)
  [1m[35m (0.3ms)[0m  [1m[35mBEGIN[0m
  ↳ bin/rails:9
  [1m[35m (9.0ms)[0m  [1m[35mCREATE TABLE "cats" ("id" bigserial primary key, "birth_date" date NOT NULL, "color" character varying NOT NULL, "name" character varying NOT NULL, "description" text NOT NULL, "sex" character varying(1) NOT NULL, "created_at" timestamp NOT NULL, "updated_at" timestamp NOT NULL)[0m
  ↳ db/migrate/20190402211115_create_cats.rb:3
  [1m[36mActiveRecord::SchemaMigration Create (0.5ms)[0m  [1m[32mINSERT INTO "schema_migrations" ("version") VALUES ($1) RETURNING "version"[0m  [["version", "20190402211115"]]
  ↳ bin/rails:9
  [1m[35m (1.2ms)[0m  [1m[35mCOMMIT[0m
  ↳ bin/rails:9
Migrating to AddValidationsToCatModel (20190402211318)
  [1m[35m (0.4ms)[0m  [1m[35mBEGIN[0m
  ↳ bin/rails:9
  [1m[36mActiveRecord::SchemaMigration Create (0.5ms)[0m  [1m[32mINSERT INTO "schema_migrations" ("version") VALUES ($1) RETURNING "version"[0m  [["version", "20190402211318"]]
  ↳ bin/rails:9
  [1m[35m (0.6ms)[0m  [1m[35mCOMMIT[0m
  ↳ bin/rails:9
  [1m[36mActiveRecord::InternalMetadata Load (0.6ms)[0m  [1m[34mSELECT  "ar_internal_metadata".* FROM "ar_internal_metadata" WHERE "ar_internal_metadata"."key" = $1 LIMIT $2[0m  [["key", "environment"], ["LIMIT", 1]]
  ↳ bin/rails:9
  [1m[35m (0.2ms)[0m  [1m[35mBEGIN[0m
  ↳ bin/rails:9
  [1m[35m (0.1ms)[0m  [1m[35mCOMMIT[0m
  ↳ bin/rails:9
  [1m[35m (0.3ms)[0m  [1m[34mSELECT pg_advisory_unlock(1110833500595108745)[0m
  ↳ bin/rails:9
  [1m[35m (1.6ms)[0m  [1m[34mSELECT "schema_migrations"."version" FROM "schema_migrations" ORDER BY "schema_migrations"."version" ASC[0m
  ↳ bin/rails:9
  [1m[35m (1.0ms)[0m  [1m[34mSELECT "schema_migrations"."version" FROM "schema_migrations" ORDER BY "schema_migrations"."version" ASC[0m
  ↳ /usr/local/var/rbenv/versions/2.5.0/bin/annotate:23
  [1m[36mCat Load (18.0ms)[0m  [1m[34mSELECT  "cats".* FROM "cats" LIMIT $1[0m  [["LIMIT", 11]]
  [1m[36mCat Load (0.8ms)[0m  [1m[34mSELECT "cats".* FROM "cats"[0m
Started GET "/" for ::1 at 2019-04-02 15:09:11 -0700
  [1m[35m (15.5ms)[0m  [1m[34mSELECT "schema_migrations"."version" FROM "schema_migrations" ORDER BY "schema_migrations"."version" ASC[0m
  ↳ /usr/local/var/rbenv/versions/2.5.0/lib/ruby/gems/2.5.0/gems/activerecord-5.2.3/lib/active_record/log_subscriber.rb:98
Processing by Rails::WelcomeController#index as HTML
  Rendering /usr/local/var/rbenv/versions/2.5.0/lib/ruby/gems/2.5.0/gems/railties-5.2.3/lib/rails/templates/rails/welcome/index.html.erb
  Rendered /usr/local/var/rbenv/versions/2.5.0/lib/ruby/gems/2.5.0/gems/railties-5.2.3/lib/rails/templates/rails/welcome/index.html.erb (39.8ms)
Completed 200 OK in 170ms (Views: 126.9ms | ActiveRecord: 0.0ms)


Started GET "/" for ::1 at 2019-04-02 15:09:40 -0700
Processing by CatsController#index as HTML
  Rendering cats/index.html.erb within layouts/application
  [1m[36mCat Load (0.9ms)[0m  [1m[34mSELECT "cats".* FROM "cats"[0m
  ↳ app/views/cats/index.html.erb:3
  Rendered cats/index.html.erb within layouts/application (8.7ms)
Completed 200 OK in 1223ms (Views: 1175.2ms | ActiveRecord: 4.8ms)


Started GET "/" for ::1 at 2019-04-02 15:09:42 -0700
Processing by CatsController#index as HTML
  Rendering cats/index.html.erb within layouts/application
  [1m[36mCat Load (0.5ms)[0m  [1m[34mSELECT "cats".* FROM "cats"[0m
  ↳ app/views/cats/index.html.erb:3
  Rendered cats/index.html.erb within layouts/application (2.1ms)
Completed 200 OK in 53ms (Views: 49.8ms | ActiveRecord: 0.5ms)


Started GET "/" for ::1 at 2019-04-02 15:10:04 -0700

ArgumentError - Missing :controller key on routes definition, please check your routes.:
  config/routes.rb:4:in `block in <main>'
  config/routes.rb:1:in `<main>'

Started POST "/__better_errors/f53a8c8b0f1f6903/variables" for ::1 at 2019-04-02 15:10:05 -0700
Started GET "/" for ::1 at 2019-04-02 15:10:05 -0700
  
ActionController::RoutingError (No route matches [GET] "/"):
  
actionpack (5.2.3) lib/action_dispatch/middleware/debug_exceptions.rb:65:in `call'
web-console (3.7.0) lib/web_console/middleware.rb:135:in `call_app'
web-console (3.7.0) lib/web_console/middleware.rb:30:in `block in call'
web-console (3.7.0) lib/web_console/middleware.rb:20:in `catch'
web-console (3.7.0) lib/web_console/middleware.rb:20:in `call'
actionpack (5.2.3) lib/action_dispatch/middleware/show_exceptions.rb:33:in `call'
railties (5.2.3) lib/rails/rack/logger.rb:38:in `call_app'
railties (5.2.3) lib/rails/rack/logger.rb:26:in `block in call'
activesupport (5.2.3) lib/active_support/tagged_logging.rb:71:in `block in tagged'
activesupport (5.2.3) lib/active_support/tagged_logging.rb:28:in `tagged'
activesupport (5.2.3) lib/active_support/tagged_logging.rb:71:in `tagged'
railties (5.2.3) lib/rails/rack/logger.rb:26:in `call'
sprockets-rails (3.2.1) lib/sprockets/rails/quiet_assets.rb:13:in `call'
actionpack (5.2.3) lib/action_dispatch/middleware/remote_ip.rb:81:in `call'
actionpack (5.2.3) lib/action_dispatch/middleware/request_id.rb:27:in `call'
rack (2.0.7) lib/rack/method_override.rb:22:in `call'
rack (2.0.7) lib/rack/runtime.rb:22:in `call'
activesupport (5.2.3) lib/active_support/cache/strategy/local_cache_middleware.rb:29:in `call'
actionpack (5.2.3) lib/action_dispatch/middleware/executor.rb:14:in `call'
actionpack (5.2.3) lib/action_dispatch/middleware/static.rb:127:in `call'
rack (2.0.7) lib/rack/sendfile.rb:111:in `call'
railties (5.2.3) lib/rails/engine.rb:524:in `call'
puma (3.12.1) lib/puma/configuration.rb:227:in `call'
puma (3.12.1) lib/puma/server.rb:660:in `handle_request'
puma (3.12.1) lib/puma/server.rb:474:in `process_client'
puma (3.12.1) lib/puma/server.rb:334:in `block in run'
puma (3.12.1) lib/puma/thread_pool.rb:135:in `block in spawn_thread'
Started GET "/" for ::1 at 2019-04-02 15:10:13 -0700
Processing by CatsController#index as HTML
  Rendering cats/index.html.erb within layouts/application
  [1m[36mCat Load (1.2ms)[0m  [1m[34mSELECT "cats".* FROM "cats"[0m
  ↳ app/views/cats/index.html.erb:3
  Rendered cats/index.html.erb within layouts/application (12.7ms)
Completed 200 OK in 80ms (Views: 48.6ms | ActiveRecord: 8.5ms)


Started GET "/cats" for ::1 at 2019-04-02 15:10:21 -0700
Processing by CatsController#index as HTML
  Rendering cats/index.html.erb within layouts/application
  [1m[36mCat Load (0.5ms)[0m  [1m[34mSELECT "cats".* FROM "cats"[0m
  ↳ app/views/cats/index.html.erb:3
  Rendered cats/index.html.erb within layouts/application (1.6ms)
Completed 200 OK in 57ms (Views: 36.9ms | ActiveRecord: 0.5ms)


Started GET "/" for ::1 at 2019-04-02 15:10:45 -0700

ArgumentError - Missing :controller key on routes definition, please check your routes.:
  config/routes.rb:4:in `block in <main>'
  config/routes.rb:1:in `<main>'

Started POST "/__better_errors/3d93f81f3f502392/variables" for ::1 at 2019-04-02 15:10:45 -0700
Started GET "/" for ::1 at 2019-04-02 15:11:14 -0700

NameError - undefined local variable or method `cats_url' for #<ActionDispatch::Routing::Mapper:0x00007f8f2a3d5c00>:
  config/routes.rb:4:in `block in <main>'
  config/routes.rb:1:in `<main>'

Started POST "/__better_errors/41d746bb4ef495e5/variables" for ::1 at 2019-04-02 15:11:15 -0700
Started GET "/" for ::1 at 2019-04-02 15:11:40 -0700

NameError - undefined local variable or method `cats_path' for #<ActionDispatch::Routing::Mapper:0x00007f8f2aace818>:
  config/routes.rb:4:in `block in <main>'
  config/routes.rb:1:in `<main>'

Started POST "/__better_errors/cc364b032be557b2/variables" for ::1 at 2019-04-02 15:11:40 -0700
Started GET "/" for ::1 at 2019-04-02 15:11:41 -0700
  
ActionController::RoutingError (No route matches [GET] "/"):
  
actionpack (5.2.3) lib/action_dispatch/middleware/debug_exceptions.rb:65:in `call'
web-console (3.7.0) lib/web_console/middleware.rb:135:in `call_app'
web-console (3.7.0) lib/web_console/middleware.rb:30:in `block in call'
web-console (3.7.0) lib/web_console/middleware.rb:20:in `catch'
web-console (3.7.0) lib/web_console/middleware.rb:20:in `call'
actionpack (5.2.3) lib/action_dispatch/middleware/show_exceptions.rb:33:in `call'
railties (5.2.3) lib/rails/rack/logger.rb:38:in `call_app'
railties (5.2.3) lib/rails/rack/logger.rb:26:in `block in call'
activesupport (5.2.3) lib/active_support/tagged_logging.rb:71:in `block in tagged'
activesupport (5.2.3) lib/active_support/tagged_logging.rb:28:in `tagged'
activesupport (5.2.3) lib/active_support/tagged_logging.rb:71:in `tagged'
railties (5.2.3) lib/rails/rack/logger.rb:26:in `call'
sprockets-rails (3.2.1) lib/sprockets/rails/quiet_assets.rb:13:in `call'
actionpack (5.2.3) lib/action_dispatch/middleware/remote_ip.rb:81:in `call'
actionpack (5.2.3) lib/action_dispatch/middleware/request_id.rb:27:in `call'
rack (2.0.7) lib/rack/method_override.rb:22:in `call'
rack (2.0.7) lib/rack/runtime.rb:22:in `call'
activesupport (5.2.3) lib/active_support/cache/strategy/local_cache_middleware.rb:29:in `call'
actionpack (5.2.3) lib/action_dispatch/middleware/executor.rb:14:in `call'
actionpack (5.2.3) lib/action_dispatch/middleware/static.rb:127:in `call'
rack (2.0.7) lib/rack/sendfile.rb:111:in `call'
railties (5.2.3) lib/rails/engine.rb:524:in `call'
puma (3.12.1) lib/puma/configuration.rb:227:in `call'
puma (3.12.1) lib/puma/server.rb:660:in `handle_request'
puma (3.12.1) lib/puma/server.rb:474:in `process_client'
puma (3.12.1) lib/puma/server.rb:334:in `block in run'
puma (3.12.1) lib/puma/thread_pool.rb:135:in `block in spawn_thread'
Started GET "/cats" for ::1 at 2019-04-02 15:11:53 -0700
Processing by CatsController#index as HTML
  Rendering cats/index.html.erb within layouts/application
  [1m[36mCat Load (0.5ms)[0m  [1m[34mSELECT "cats".* FROM "cats"[0m
  ↳ app/views/cats/index.html.erb:3
  Rendered cats/index.html.erb within layouts/application (4.8ms)
Completed 200 OK in 69ms (Views: 57.1ms | ActiveRecord: 3.0ms)


Started GET "/cats/new" for ::1 at 2019-04-02 15:48:12 -0700
Processing by CatsController#new as HTML
  Rendering cats/new.html.erb within layouts/application
  Rendered cats/new.html.erb within layouts/application (2.1ms)
Completed 200 OK in 209ms (Views: 141.1ms | ActiveRecord: 12.2ms)


Started GET "/cats/new" for ::1 at 2019-04-02 15:49:53 -0700
Processing by CatsController#new as HTML
  Rendering cats/new.html.erb within layouts/application
  Rendered cats/new.html.erb within layouts/application (1.3ms)
Completed 200 OK in 87ms (Views: 82.7ms | ActiveRecord: 0.0ms)


Started GET "/cats/new" for ::1 at 2019-04-02 15:49:54 -0700
Processing by CatsController#new as HTML
  Rendering cats/new.html.erb within layouts/application
  Rendered cats/new.html.erb within layouts/application (0.7ms)
Completed 200 OK in 35ms (Views: 31.1ms | ActiveRecord: 0.0ms)


Started GET "/cats/new" for ::1 at 2019-04-02 15:49:54 -0700
Processing by CatsController#new as HTML
  Rendering cats/new.html.erb within layouts/application
  Rendered cats/new.html.erb within layouts/application (0.7ms)
Completed 200 OK in 41ms (Views: 37.0ms | ActiveRecord: 0.0ms)


Started GET "/cats/new" for ::1 at 2019-04-02 15:49:55 -0700
Processing by CatsController#new as HTML
  Rendering cats/new.html.erb within layouts/application
  Rendered cats/new.html.erb within layouts/application (0.7ms)
Completed 200 OK in 34ms (Views: 30.5ms | ActiveRecord: 0.0ms)


Started GET "/cats/new" for ::1 at 2019-04-02 15:50:01 -0700
Processing by CatsController#new as HTML
  Rendering cats/new.html.erb within layouts/application
  Rendered cats/new.html.erb within layouts/application (0.8ms)
Completed 200 OK in 31ms (Views: 26.0ms | ActiveRecord: 0.0ms)


Started GET "/" for ::1 at 2019-04-02 15:50:11 -0700
Processing by Rails::WelcomeController#index as HTML
  Rendering /usr/local/var/rbenv/versions/2.5.0/lib/ruby/gems/2.5.0/gems/railties-5.2.3/lib/rails/templates/rails/welcome/index.html.erb
  Rendered /usr/local/var/rbenv/versions/2.5.0/lib/ruby/gems/2.5.0/gems/railties-5.2.3/lib/rails/templates/rails/welcome/index.html.erb (3.2ms)
Completed 200 OK in 78ms (Views: 8.2ms | ActiveRecord: 0.0ms)


Started GET "/cats/new" for ::1 at 2019-04-02 15:50:17 -0700
Processing by CatsController#new as HTML
  Rendering cats/new.html.erb within layouts/application
  Rendered cats/new.html.erb within layouts/application (0.6ms)
Completed 200 OK in 111ms (Views: 83.1ms | ActiveRecord: 0.0ms)


Started GET "/cats/new" for ::1 at 2019-04-02 15:52:16 -0700
Processing by CatsController#new as HTML
  Rendering cats/new.html.erb within layouts/application
  Rendered cats/new.html.erb within layouts/application (0.6ms)
Completed 200 OK in 155ms (Views: 141.5ms | ActiveRecord: 0.0ms)


Started GET "/cats/new" for ::1 at 2019-04-02 15:52:42 -0700
Processing by CatsController#new as HTML
  Rendering cats/new.html.erb within layouts/application
  Rendered cats/new.html.erb within layouts/application (0.7ms)
Completed 200 OK in 128ms (Views: 125.0ms | ActiveRecord: 0.0ms)


Started GET "/cats/new" for ::1 at 2019-04-02 15:52:43 -0700
Processing by CatsController#new as HTML
  Rendering cats/new.html.erb within layouts/application
  Rendered cats/new.html.erb within layouts/application (0.7ms)
Completed 200 OK in 43ms (Views: 39.1ms | ActiveRecord: 0.0ms)


Started GET "/cats/new" for ::1 at 2019-04-02 15:53:43 -0700
Processing by CatsController#new as HTML
  Rendering cats/new.html.erb within layouts/application
  Rendered cats/new.html.erb within layouts/application (0.6ms)
Completed 200 OK in 160ms (Views: 156.7ms | ActiveRecord: 0.0ms)


Started GET "/cats/new" for ::1 at 2019-04-02 15:53:52 -0700
Processing by CatsController#new as HTML
  Rendering cats/new.html.erb within layouts/application
  Rendered cats/new.html.erb within layouts/application (0.6ms)
Completed 200 OK in 64ms (Views: 58.4ms | ActiveRecord: 0.0ms)


Started GET "/cats/new" for ::1 at 2019-04-02 16:07:37 -0700
Processing by CatsController#new as HTML
  Rendering cats/new.html.erb within layouts/application
  Rendered cats/new.html.erb within layouts/application (0.8ms)
Completed 200 OK in 190ms (Views: 119.4ms | ActiveRecord: 13.6ms)


Started GET "/cats/new" for ::1 at 2019-04-02 16:09:33 -0700
Processing by CatsController#new as HTML
  Rendering cats/new.html.erb within layouts/application
  Rendered cats/_form.html.erb (1.2ms)
  Rendered cats/new.html.erb within layouts/application (12.4ms)
Completed 200 OK in 105ms (Views: 75.4ms | ActiveRecord: 0.0ms)


Started GET "/cats/new" for ::1 at 2019-04-02 16:09:34 -0700
Processing by CatsController#new as HTML
  Rendering cats/new.html.erb within layouts/application
  Rendered cats/_form.html.erb (1.3ms)
  Rendered cats/new.html.erb within layouts/application (4.5ms)
Completed 200 OK in 38ms (Views: 34.4ms | ActiveRecord: 0.0ms)


Started GET "/cats/new" for ::1 at 2019-04-02 16:09:35 -0700
Processing by CatsController#new as HTML
  Rendering cats/new.html.erb within layouts/application
  Rendered cats/_form.html.erb (1.7ms)
  Rendered cats/new.html.erb within layouts/application (4.6ms)
Completed 200 OK in 40ms (Views: 36.2ms | ActiveRecord: 0.0ms)


Started GET "/cats/new" for ::1 at 2019-04-02 16:09:38 -0700
Processing by CatsController#new as HTML
  Rendering cats/new.html.erb within layouts/application
  Rendered cats/_form.html.erb (0.9ms)
  Rendered cats/new.html.erb within layouts/application (3.4ms)
Completed 200 OK in 34ms (Views: 30.1ms | ActiveRecord: 0.0ms)


Started GET "/cats/new" for ::1 at 2019-04-02 16:09:39 -0700
Processing by CatsController#new as HTML
  Rendering cats/new.html.erb within layouts/application
  Rendered cats/_form.html.erb (1.0ms)
  Rendered cats/new.html.erb within layouts/application (5.0ms)
Completed 200 OK in 46ms (Views: 42.3ms | ActiveRecord: 0.0ms)


Started GET "/cats/new" for ::1 at 2019-04-02 16:10:16 -0700
Processing by CatsController#new as HTML
  Rendering cats/new.html.erb within layouts/application
  Rendered cats/_form.html.erb (0.7ms)
  Rendered cats/new.html.erb within layouts/application (3.3ms)
Completed 200 OK in 155ms (Views: 135.4ms | ActiveRecord: 0.0ms)


Started GET "/cats/new" for ::1 at 2019-04-02 16:10:34 -0700
Processing by CatsController#new as HTML
  Rendering cats/new.html.erb within layouts/application
  Rendered cats/_form.html.erb (0.8ms)
  Rendered cats/new.html.erb within layouts/application (14.6ms)
Completed 200 OK in 85ms (Views: 67.2ms | ActiveRecord: 0.0ms)


Started GET "/cats/new" for ::1 at 2019-04-02 16:10:43 -0700
Processing by CatsController#new as HTML
  Rendering cats/new.html.erb within layouts/application
  Rendered cats/_form.html.erb (0.7ms)
  Rendered cats/new.html.erb within layouts/application (3.1ms)
Completed 200 OK in 96ms (Views: 93.4ms | ActiveRecord: 0.0ms)


Started GET "/cats/new" for ::1 at 2019-04-02 16:14:25 -0700
Processing by CatsController#new as HTML
  Rendering cats/new.html.erb within layouts/application
  Rendered cats/_form.html.erb (464.3ms)
  Rendered cats/new.html.erb within layouts/application (466.9ms)
Completed 500 Internal Server Error in 504ms (ActiveRecord: 0.0ms)



NameError - undefined local variable or method `disabled' for #<#<Class:0x00007f8f2ad330b8>:0x00007f8f2ea8b668>:
  app/views/cats/_form.html.erb:29:in `_app_views_cats__form_html_erb___2833650646432028963_70126469874520'
  app/views/cats/new.html.erb:3:in `_app_views_cats_new_html_erb___3550425788004756629_70126458889980'

Started GET "/cats/new" for ::1 at 2019-04-02 16:14:27 -0700
Processing by CatsController#new as HTML
  Rendering cats/new.html.erb within layouts/application
  Rendered cats/_form.html.erb (567.1ms)
  Rendered cats/new.html.erb within layouts/application (569.9ms)
Completed 500 Internal Server Error in 584ms (ActiveRecord: 0.0ms)



NameError - undefined local variable or method `disabled' for #<#<Class:0x00007f8f2ad330b8>:0x00007f8f2d6c6fb0>:
  app/views/cats/_form.html.erb:29:in `_app_views_cats__form_html_erb___2833650646432028963_70126459543760'
  app/views/cats/new.html.erb:3:in `_app_views_cats_new_html_erb___3550425788004756629_70126459567280'

Started POST "/__better_errors/c9d5b7c8020cce1f/variables" for ::1 at 2019-04-02 16:14:28 -0700
Started GET "/cats/new" for ::1 at 2019-04-02 16:15:19 -0700
Processing by CatsController#new as HTML
  Rendering cats/new.html.erb within layouts/application
  Rendered cats/_form.html.erb (0.9ms)
  Rendered cats/new.html.erb within layouts/application (14.1ms)
Completed 200 OK in 168ms (Views: 148.2ms | ActiveRecord: 0.0ms)


Started GET "/cats/new" for ::1 at 2019-04-02 16:17:27 -0700
Processing by CatsController#new as HTML
  Rendering cats/new.html.erb within layouts/application
  Rendered cats/_form.html.erb (1.0ms)
  Rendered cats/new.html.erb within layouts/application (4.7ms)
Completed 200 OK in 143ms (Views: 123.9ms | ActiveRecord: 0.0ms)


Started GET "/cats/new" for ::1 at 2019-04-02 16:17:28 -0700
Processing by CatsController#new as HTML
  Rendering cats/new.html.erb within layouts/application
  Rendered cats/_form.html.erb (1.0ms)
  Rendered cats/new.html.erb within layouts/application (3.4ms)
Completed 200 OK in 38ms (Views: 34.4ms | ActiveRecord: 0.0ms)


Started GET "/cats/new" for ::1 at 2019-04-02 16:17:28 -0700
Processing by CatsController#new as HTML
  Rendering cats/new.html.erb within layouts/application
  Rendered cats/_form.html.erb (0.9ms)
  Rendered cats/new.html.erb within layouts/application (3.7ms)
Completed 200 OK in 33ms (Views: 28.3ms | ActiveRecord: 0.0ms)


Started GET "/cats/new" for ::1 at 2019-04-02 16:17:29 -0700
Processing by CatsController#new as HTML
  Rendering cats/new.html.erb within layouts/application
  Rendered cats/_form.html.erb (0.8ms)
  Rendered cats/new.html.erb within layouts/application (3.2ms)
Completed 200 OK in 36ms (Views: 31.9ms | ActiveRecord: 0.0ms)


Started GET "/cats/new" for ::1 at 2019-04-02 16:17:31 -0700
Processing by CatsController#new as HTML
  Rendering cats/new.html.erb within layouts/application
  Rendered cats/_form.html.erb (1.7ms)
  Rendered cats/new.html.erb within layouts/application (6.8ms)
Completed 200 OK in 38ms (Views: 33.1ms | ActiveRecord: 0.0ms)


Started POST "/cats" for ::1 at 2019-04-02 16:26:21 -0700
Processing by CatsController#create as HTML
  Parameters: {"choose_sex"=>"F", "colors"=>"orange"}
Completed 400 Bad Request in 29ms (ActiveRecord: 0.0ms)



ActionController::ParameterMissing - param is missing or the value is empty: cat:
  app/controllers/cats_controller.rb:33:in `cat_params'
  app/controllers/cats_controller.rb:15:in `create'

Started POST "/__better_errors/310bd32332f12931/variables" for ::1 at 2019-04-02 16:26:21 -0700
Started POST "/cats" for ::1 at 2019-04-02 16:29:17 -0700
Processing by CatsController#create as HTML
  Parameters: {"choose_sex"=>"F", "colors"=>"orange"}
Completed 400 Bad Request in 12ms (ActiveRecord: 0.0ms)



ActionController::ParameterMissing - param is missing or the value is empty: cat:
  app/controllers/cats_controller.rb:33:in `cat_params'
  app/controllers/cats_controller.rb:15:in `create'

Started POST "/__better_errors/59e7b26e058b4612/variables" for ::1 at 2019-04-02 16:29:17 -0700
Started POST "/cats" for ::1 at 2019-04-02 16:31:01 -0700
Processing by CatsController#create as HTML
  Parameters: {"choose_sex"=>"F", "colors"=>"orange"}
Completed 400 Bad Request in 1ms (ActiveRecord: 0.0ms)



ActionController::ParameterMissing - param is missing or the value is empty: cat:
  app/controllers/cats_controller.rb:33:in `cat_params'
  app/controllers/cats_controller.rb:15:in `create'

Started POST "/__better_errors/34ed609ffc0efe1e/variables" for ::1 at 2019-04-02 16:31:01 -0700
Started GET "/cats" for ::1 at 2019-04-02 16:31:15 -0700
Processing by CatsController#index as HTML
  Rendering cats/index.html.erb within layouts/application
  [1m[36mCat Load (2.0ms)[0m  [1m[34mSELECT "cats".* FROM "cats"[0m
  ↳ app/views/cats/index.html.erb:3
  Rendered cats/index.html.erb within layouts/application (14.5ms)
Completed 200 OK in 183ms (Views: 145.3ms | ActiveRecord: 9.4ms)


Started GET "/cats/new" for ::1 at 2019-04-02 16:31:20 -0700
Processing by CatsController#new as HTML
  Rendering cats/new.html.erb within layouts/application
  Rendered cats/_form.html.erb (1.8ms)
  Rendered cats/new.html.erb within layouts/application (8.0ms)
Completed 200 OK in 71ms (Views: 30.3ms | ActiveRecord: 8.1ms)


Started POST "/cats" for ::1 at 2019-04-02 16:31:25 -0700
Processing by CatsController#create as HTML
Completed 400 Bad Request in 1ms (ActiveRecord: 0.0ms)



ActionController::ParameterMissing - param is missing or the value is empty: cat:
  app/controllers/cats_controller.rb:33:in `cat_params'
  app/controllers/cats_controller.rb:15:in `create'

Started POST "/__better_errors/f07daf408a39ac76/variables" for ::1 at 2019-04-02 16:31:25 -0700
Started POST "/cats" for ::1 at 2019-04-02 16:31:48 -0700
Processing by CatsController#create as HTML
  Parameters: {"cat"=>{"sex"=>"F"}, "colors"=>"orange"}
  [1m[35m (0.2ms)[0m  [1m[35mBEGIN[0m
  ↳ app/controllers/cats_controller.rb:16
  [1m[35m (0.3ms)[0m  [1m[31mROLLBACK[0m
  ↳ app/controllers/cats_controller.rb:16
Completed 422 Unprocessable Entity in 147ms (Views: 0.4ms | ActiveRecord: 0.5ms)


Started POST "/cats" for ::1 at 2019-04-02 16:34:09 -0700
Processing by CatsController#create as HTML
  Parameters: {"cat"=>{"sex"=>"F"}, "colors"=>"orange"}
  [1m[35m (0.2ms)[0m  [1m[35mBEGIN[0m
  ↳ app/controllers/cats_controller.rb:16
  [1m[35m (0.2ms)[0m  [1m[31mROLLBACK[0m
  ↳ app/controllers/cats_controller.rb:16
Completed 422 Unprocessable Entity in 7ms (Views: 0.2ms | ActiveRecord: 0.5ms)


Started GET "/cats/new" for ::1 at 2019-04-02 16:34:12 -0700
Processing by CatsController#new as HTML
  Rendering cats/new.html.erb within layouts/application
  Rendered cats/_form.html.erb (1.8ms)
  Rendered cats/new.html.erb within layouts/application (24.4ms)
Completed 200 OK in 278ms (Views: 246.9ms | ActiveRecord: 0.0ms)


Started POST "/cats" for ::1 at 2019-04-02 16:34:24 -0700
Processing by CatsController#create as HTML
  Parameters: {"cat"=>{"name"=>"mittens", "sex"=>"F", "color"=>"grey", "birth_date"=>"2018-12-03", "description"=>"Enter cat's description"}}
  [1m[35m (0.9ms)[0m  [1m[35mBEGIN[0m
  ↳ app/controllers/cats_controller.rb:16
  [1m[35m (0.3ms)[0m  [1m[31mROLLBACK[0m
  ↳ app/controllers/cats_controller.rb:16
Completed 422 Unprocessable Entity in 6ms (Views: 0.2ms | ActiveRecord: 1.2ms)


Started POST "/cats" for ::1 at 2019-04-02 16:35:18 -0700
Processing by CatsController#create as HTML
  Parameters: {"cat"=>{"name"=>"mittens", "sex"=>"F", "color"=>"orange", "birth_date"=>"2017-07-12", "description"=>"Has super white socks!"}}
  [1m[35m (0.4ms)[0m  [1m[35mBEGIN[0m
  ↳ app/controllers/cats_controller.rb:16
  [1m[36mCat Create (17.3ms)[0m  [1m[32mINSERT INTO "cats" ("birth_date", "color", "name", "description", "sex", "created_at", "updated_at") VALUES ($1, $2, $3, $4, $5, $6, $7) RETURNING "id"[0m  [["birth_date", "2017-07-12"], ["color", "orange"], ["name", "mittens"], ["description", "Has super white socks!"], ["sex", "F"], ["created_at", "2019-04-02 23:35:18.639181"], ["updated_at", "2019-04-02 23:35:18.639181"]]
  ↳ app/controllers/cats_controller.rb:16
  [1m[35m (17.8ms)[0m  [1m[35mCOMMIT[0m
  ↳ app/controllers/cats_controller.rb:16
Redirected to http://localhost:3000/cats/1
Completed 302 Found in 119ms (ActiveRecord: 43.0ms)


Started GET "/cats/1" for ::1 at 2019-04-02 16:35:18 -0700
Processing by CatsController#show as HTML
  Parameters: {"id"=>"1"}
  [1m[36mCat Load (18.8ms)[0m  [1m[34mSELECT  "cats".* FROM "cats" WHERE "cats"."id" = $1 LIMIT $2[0m  [["id", 1], ["LIMIT", 1]]
  ↳ app/controllers/cats_controller.rb:7
  Rendering cats/show.html.erb within layouts/application
  Rendered cats/show.html.erb within layouts/application (375.8ms)
Completed 500 Internal Server Error in 491ms (ActiveRecord: 19.0ms)



NameError - undefined local variable or method `cat' for #<#<Class:0x00007f8f2d584378>:0x00007f8f2ea8b2a8>
Did you mean?  @cat:
  app/views/cats/show.html.erb:1:in `_app_views_cats_show_html_erb___1283221517597809984_70126458908020'

Started POST "/__better_errors/fa023e83c3568a64/variables" for ::1 at 2019-04-02 16:35:19 -0700
Started GET "/cats/1" for ::1 at 2019-04-02 16:37:50 -0700
Processing by CatsController#show as HTML
  Parameters: {"id"=>"1"}
  [1m[36mCat Load (0.5ms)[0m  [1m[34mSELECT  "cats".* FROM "cats" WHERE "cats"."id" = $1 LIMIT $2[0m  [["id", 1], ["LIMIT", 1]]
  ↳ app/controllers/cats_controller.rb:7
  Rendering cats/show.html.erb within layouts/application
  Rendered cats/show.html.erb within layouts/application (548.5ms)
Completed 500 Internal Server Error in 611ms (ActiveRecord: 8.7ms)



NameError - undefined local variable or method `cat' for #<#<Class:0x00007f8f2a94d700>:0x00007f8f2e9b1940>
Did you mean?  @cat:
  app/views/cats/show.html.erb:1:in `_app_views_cats_show_html_erb___1283221517597809984_70126435727240'

Started POST "/__better_errors/89202ec264969ee0/variables" for ::1 at 2019-04-02 16:37:51 -0700
Started GET "/cats/1" for ::1 at 2019-04-02 16:39:04 -0700
Processing by CatsController#show as HTML
  Parameters: {"id"=>"1"}
  [1m[36mCat Load (0.5ms)[0m  [1m[34mSELECT  "cats".* FROM "cats" WHERE "cats"."id" = $1 LIMIT $2[0m  [["id", 1], ["LIMIT", 1]]
  ↳ app/controllers/cats_controller.rb:7
  Rendering cats/show.html.erb within layouts/application
  Rendered cats/show.html.erb within layouts/application (0.7ms)
Completed 200 OK in 144ms (Views: 139.2ms | ActiveRecord: 0.5ms)


Started GET "/cats" for ::1 at 2019-04-02 16:39:12 -0700
Processing by CatsController#index as HTML
  Rendering cats/index.html.erb within layouts/application
  [1m[36mCat Load (0.5ms)[0m  [1m[34mSELECT "cats".* FROM "cats"[0m
  ↳ app/views/cats/index.html.erb:3
  Rendered cats/index.html.erb within layouts/application (24.0ms)
Completed 500 Internal Server Error in 54ms (ActiveRecord: 0.5ms)



ActionView::MissingTemplate - Missing partial cats/_mittens, application/_mittens with {:locale=>[:en], :formats=>[:html], :variants=>[], :handlers=>[:raw, :erb, :html, :builder, :ruby, :coffee, :jbuilder]}. Searched in:
  * "/Users/appacademy/Desktop/W4D2/ninenine_cats/app/views"
:
  app/views/cats/index.html.erb:4:in `block in _app_views_cats_index_html_erb___510067524902395890_70126469109420'
  app/views/cats/index.html.erb:3:in `_app_views_cats_index_html_erb___510067524902395890_70126469109420'

Started POST "/__better_errors/8a31c025ed7f788d/variables" for ::1 at 2019-04-02 16:39:12 -0700
Started GET "/cats" for ::1 at 2019-04-02 16:39:15 -0700
Processing by CatsController#index as HTML
  Rendering cats/index.html.erb within layouts/application
  [1m[36mCat Load (0.5ms)[0m  [1m[34mSELECT "cats".* FROM "cats"[0m
  ↳ app/views/cats/index.html.erb:3
  Rendered cats/index.html.erb within layouts/application (10.1ms)
Completed 500 Internal Server Error in 22ms (ActiveRecord: 0.5ms)



ActionView::MissingTemplate - Missing partial cats/_mittens, application/_mittens with {:locale=>[:en], :formats=>[:html], :variants=>[], :handlers=>[:raw, :erb, :html, :builder, :ruby, :coffee, :jbuilder]}. Searched in:
  * "/Users/appacademy/Desktop/W4D2/ninenine_cats/app/views"
:
  app/views/cats/index.html.erb:4:in `block in _app_views_cats_index_html_erb___510067524902395890_70126468972800'
  app/views/cats/index.html.erb:3:in `_app_views_cats_index_html_erb___510067524902395890_70126468972800'

Started POST "/__better_errors/ed89e80ef985915a/variables" for ::1 at 2019-04-02 16:39:15 -0700
Started GET "/cats" for ::1 at 2019-04-02 16:39:58 -0700
Processing by CatsController#index as HTML
  Rendering cats/index.html.erb within layouts/application
  [1m[36mCat Load (0.6ms)[0m  [1m[34mSELECT "cats".* FROM "cats"[0m
  ↳ app/views/cats/index.html.erb:3
  Rendered cats/index.html.erb within layouts/application (2.3ms)
Completed 200 OK in 147ms (Views: 141.9ms | ActiveRecord: 0.6ms)


Started GET "/cats" for ::1 at 2019-04-02 16:41:18 -0700
Processing by CatsController#index as HTML
  Rendering cats/index.html.erb within layouts/application
  [1m[36mCat Load (0.5ms)[0m  [1m[34mSELECT "cats".* FROM "cats"[0m
  ↳ app/views/cats/index.html.erb:3
  Rendered cats/index.html.erb within layouts/application (2.3ms)
Completed 200 OK in 68ms (Views: 64.6ms | ActiveRecord: 0.5ms)


Started GET "/cats/1" for ::1 at 2019-04-02 16:41:20 -0700
Processing by CatsController#show as HTML
  Parameters: {"id"=>"1"}
  [1m[36mCat Load (2.5ms)[0m  [1m[34mSELECT  "cats".* FROM "cats" WHERE "cats"."id" = $1 LIMIT $2[0m  [["id", 1], ["LIMIT", 1]]
  ↳ app/controllers/cats_controller.rb:7
  Rendering cats/show.html.erb within layouts/application
  Rendered cats/show.html.erb within layouts/application (0.7ms)
Completed 200 OK in 63ms (Views: 30.6ms | ActiveRecord: 2.5ms)


Started GET "/cats" for ::1 at 2019-04-02 16:42:40 -0700
Processing by CatsController#index as HTML
  Rendering cats/index.html.erb within layouts/application
  [1m[36mCat Load (0.5ms)[0m  [1m[34mSELECT "cats".* FROM "cats"[0m
  ↳ app/views/cats/index.html.erb:4
  Rendered cats/index.html.erb within layouts/application (2.4ms)
Completed 200 OK in 159ms (Views: 156.2ms | ActiveRecord: 0.5ms)


Started GET "/cats" for ::1 at 2019-04-02 16:42:51 -0700
Processing by CatsController#index as HTML
  Rendering cats/index.html.erb within layouts/application
  [1m[36mCat Load (0.5ms)[0m  [1m[34mSELECT "cats".* FROM "cats"[0m
  ↳ app/views/cats/index.html.erb:5
  Rendered cats/index.html.erb within layouts/application (2.3ms)
Completed 200 OK in 38ms (Views: 32.4ms | ActiveRecord: 0.5ms)


Started GET "/cats" for ::1 at 2019-04-02 16:43:52 -0700
Processing by CatsController#index as HTML
  Rendering cats/index.html.erb within layouts/application
  [1m[36mCat Load (0.5ms)[0m  [1m[34mSELECT "cats".* FROM "cats"[0m
  ↳ app/views/cats/index.html.erb:6
  Rendered cats/index.html.erb within layouts/application (3.0ms)
Completed 200 OK in 144ms (Views: 139.1ms | ActiveRecord: 0.5ms)


Started GET "/cats/new" for ::1 at 2019-04-02 16:43:56 -0700
Processing by CatsController#new as HTML
  Rendering cats/new.html.erb within layouts/application
  Rendered cats/_form.html.erb (1.6ms)
  Rendered cats/new.html.erb within layouts/application (20.6ms)
Completed 200 OK in 60ms (Views: 45.6ms | ActiveRecord: 0.0ms)


Started GET "/cats" for ::1 at 2019-04-02 16:46:04 -0700
Processing by CatsController#index as HTML
  Rendering cats/index.html.erb within layouts/application
  [1m[36mCat Load (1.1ms)[0m  [1m[34mSELECT "cats".* FROM "cats"[0m
  ↳ app/views/cats/index.html.erb:6
  Rendered cats/index.html.erb within layouts/application (20.8ms)
Completed 200 OK in 206ms (Views: 173.9ms | ActiveRecord: 1.1ms)


Started GET "/cats" for ::1 at 2019-04-02 16:46:14 -0700
Processing by CatsController#index as HTML
  Rendering cats/index.html.erb within layouts/application
  [1m[36mCat Load (1.1ms)[0m  [1m[34mSELECT "cats".* FROM "cats"[0m
  ↳ app/views/cats/index.html.erb:5
  Rendered cats/index.html.erb within layouts/application (4.8ms)
Completed 200 OK in 140ms (Views: 133.6ms | ActiveRecord: 1.1ms)


Started GET "/cats/new" for ::1 at 2019-04-02 16:46:17 -0700
Processing by CatsController#new as HTML
  Rendering cats/new.html.erb within layouts/application
  Rendered cats/_form.html.erb (1.4ms)
  Rendered cats/new.html.erb within layouts/application (9.9ms)
Completed 200 OK in 71ms (Views: 37.0ms | ActiveRecord: 0.0ms)


Started POST "/cats" for ::1 at 2019-04-02 16:47:14 -0700
Processing by CatsController#create as HTML
  Parameters: {"cat"=>{"name"=>"Jelly Bean", "sex"=>"M", "color"=>"green", "birth_date"=>"2012-11-20", "description"=>"Looks like a fat green jelly bean. it likes its eggs and ham the same color of its fur. "}}
  [1m[35m (0.3ms)[0m  [1m[35mBEGIN[0m
  ↳ app/controllers/cats_controller.rb:16
  [1m[36mCat Create (0.9ms)[0m  [1m[32mINSERT INTO "cats" ("birth_date", "color", "name", "description", "sex", "created_at", "updated_at") VALUES ($1, $2, $3, $4, $5, $6, $7) RETURNING "id"[0m  [["birth_date", "2012-11-20"], ["color", "green"], ["name", "Jelly Bean"], ["description", "Looks like a fat green jelly bean. it likes its eggs and ham the same color of its fur. "], ["sex", "M"], ["created_at", "2019-04-02 23:47:15.008817"], ["updated_at", "2019-04-02 23:47:15.008817"]]
  ↳ app/controllers/cats_controller.rb:16
  [1m[35m (0.5ms)[0m  [1m[35mCOMMIT[0m
  ↳ app/controllers/cats_controller.rb:16
Completed 500 Internal Server Error in 11ms (ActiveRecord: 1.7ms)



ActionController::UrlGenerationError - No route matches {:action=>"show", :controller=>"cats"}, missing required keys: [:id]:
  app/controllers/cats_controller.rb:17:in `create'

Started POST "/__better_errors/495910ff2ef4b86a/variables" for ::1 at 2019-04-02 16:47:15 -0700
Started POST "/cats" for ::1 at 2019-04-02 16:48:54 -0700
Processing by CatsController#create as HTML
  Parameters: {"cat"=>{"name"=>"Boots", "sex"=>"M", "color"=>"brown", "birth_date"=>"2012-11-22", "description"=>"has boots it likes to make messes with."}}
  [1m[35m (0.2ms)[0m  [1m[35mBEGIN[0m
  ↳ app/controllers/cats_controller.rb:16
  [1m[36mCat Create (0.5ms)[0m  [1m[32mINSERT INTO "cats" ("birth_date", "color", "name", "description", "sex", "created_at", "updated_at") VALUES ($1, $2, $3, $4, $5, $6, $7) RETURNING "id"[0m  [["birth_date", "2012-11-22"], ["color", "brown"], ["name", "Boots"], ["description", "has boots it likes to make messes with."], ["sex", "M"], ["created_at", "2019-04-02 23:48:54.858616"], ["updated_at", "2019-04-02 23:48:54.858616"]]
  ↳ app/controllers/cats_controller.rb:16
  [1m[35m (0.5ms)[0m  [1m[35mCOMMIT[0m
  ↳ app/controllers/cats_controller.rb:16
Redirected to http://localhost:3000/cats/3
Completed 302 Found in 54ms (ActiveRecord: 11.5ms)


Started GET "/cats/3" for ::1 at 2019-04-02 16:48:54 -0700
Processing by CatsController#show as HTML
  Parameters: {"id"=>"3"}
  [1m[36mCat Load (0.6ms)[0m  [1m[34mSELECT  "cats".* FROM "cats" WHERE "cats"."id" = $1 LIMIT $2[0m  [["id", 3], ["LIMIT", 1]]
  ↳ app/controllers/cats_controller.rb:7
  Rendering cats/show.html.erb within layouts/application
  Rendered cats/show.html.erb within layouts/application (0.7ms)
Completed 200 OK in 147ms (Views: 123.5ms | ActiveRecord: 0.6ms)


Started GET "/cats/" for ::1 at 2019-04-02 16:49:36 -0700
Processing by CatsController#index as HTML
  Rendering cats/index.html.erb within layouts/application
  [1m[36mCat Load (0.5ms)[0m  [1m[34mSELECT "cats".* FROM "cats"[0m
  ↳ app/views/cats/index.html.erb:5
  Rendered cats/index.html.erb within layouts/application (3.2ms)
Completed 200 OK in 144ms (Views: 126.1ms | ActiveRecord: 0.5ms)


Started GET "/cats/" for ::1 at 2019-04-02 16:49:59 -0700
Processing by CatsController#index as HTML
  Rendering cats/index.html.erb within layouts/application
  [1m[36mCat Load (0.7ms)[0m  [1m[34mSELECT "cats".* FROM "cats"[0m
  ↳ app/views/cats/index.html.erb:5
  Rendered cats/index.html.erb within layouts/application (4.1ms)
Completed 200 OK in 92ms (Views: 86.8ms | ActiveRecord: 0.7ms)


Started GET "/cats/2" for ::1 at 2019-04-02 16:50:02 -0700
Processing by CatsController#show as HTML
  Parameters: {"id"=>"2"}
  [1m[36mCat Load (0.6ms)[0m  [1m[34mSELECT  "cats".* FROM "cats" WHERE "cats"."id" = $1 LIMIT $2[0m  [["id", 2], ["LIMIT", 1]]
  ↳ app/controllers/cats_controller.rb:7
  Rendering cats/show.html.erb within layouts/application
  Rendered cats/show.html.erb within layouts/application (0.6ms)
Completed 200 OK in 70ms (Views: 50.9ms | ActiveRecord: 0.6ms)


  [1m[35m (13.7ms)[0m  [1m[34mSELECT "schema_migrations"."version" FROM "schema_migrations" ORDER BY "schema_migrations"."version" ASC[0m
  ↳ /usr/local/var/rbenv/versions/2.5.0/bin/annotate:23
  [1m[35m (0.3ms)[0m  [1m[34mSELECT pg_try_advisory_lock(1110833500595108745)[0m
  ↳ bin/rails:9
  [1m[35m (1.1ms)[0m  [1m[34mSELECT "schema_migrations"."version" FROM "schema_migrations" ORDER BY "schema_migrations"."version" ASC[0m
  ↳ bin/rails:9
Migrating to CreateCatRentalRequests (20190402235652)
  [1m[35m (0.3ms)[0m  [1m[35mBEGIN[0m
  ↳ bin/rails:9
  [1m[35m (208.5ms)[0m  [1m[35mCREATE TABLE "cat_rental_requests" ("id" bigserial primary key, "cat_id" bigint NOT NULL, "start_date" date NOT NULL, "end_date" date NOT NULL, "status" character varying DEFAULT 'PENDING', "created_at" timestamp NOT NULL, "updated_at" timestamp NOT NULL, CONSTRAINT "fk_rails_9c8580551f"
FOREIGN KEY ("cat_id")
  REFERENCES "cats" ("id")
)[0m
  ↳ db/migrate/20190402235652_create_cat_rental_requests.rb:3
  [1m[35m (8.9ms)[0m  [1m[35mCREATE  INDEX  "index_cat_rental_requests_on_cat_id" ON "cat_rental_requests"  ("cat_id")[0m
  ↳ db/migrate/20190402235652_create_cat_rental_requests.rb:3
  [1m[35m (22.1ms)[0m  [1m[35mCREATE UNIQUE INDEX  "index_cat_rental_requests_on_cat" ON "cat_rental_requests"  ("cat")[0m
  ↳ db/migrate/20190402235652_create_cat_rental_requests.rb:11
  [1m[35m (0.2ms)[0m  [1m[31mROLLBACK[0m
  ↳ bin/rails:9
  [1m[35m (0.7ms)[0m  [1m[34mSELECT pg_advisory_unlock(1110833500595108745)[0m
  ↳ bin/rails:9
  [1m[35m (0.3ms)[0m  [1m[34mSELECT pg_try_advisory_lock(1110833500595108745)[0m
  ↳ bin/rails:9
  [1m[35m (14.0ms)[0m  [1m[34mSELECT "schema_migrations"."version" FROM "schema_migrations" ORDER BY "schema_migrations"."version" ASC[0m
  ↳ bin/rails:9
Migrating to CreateCatRentalRequests (20190402235652)
  [1m[35m (0.2ms)[0m  [1m[35mBEGIN[0m
  ↳ bin/rails:9
  [1m[35m (102.2ms)[0m  [1m[35mCREATE TABLE "cat_rental_requests" ("id" bigserial primary key, "cat_id_id" bigint NOT NULL, "start_date" date NOT NULL, "end_date" date NOT NULL, "status" character varying DEFAULT 'PENDING', "created_at" timestamp NOT NULL, "updated_at" timestamp NOT NULL, CONSTRAINT "fk_rails_fa61752cbc"
FOREIGN KEY ("cat_id_id")
  REFERENCES "cat_ids" ("id")
)[0m
  ↳ db/migrate/20190402235652_create_cat_rental_requests.rb:3
  [1m[35m (0.2ms)[0m  [1m[31mROLLBACK[0m
  ↳ bin/rails:9
  [1m[35m (0.4ms)[0m  [1m[34mSELECT pg_advisory_unlock(1110833500595108745)[0m
  ↳ bin/rails:9
  [1m[35m (0.4ms)[0m  [1m[34mSELECT pg_try_advisory_lock(1110833500595108745)[0m
  ↳ bin/rails:9
  [1m[35m (15.1ms)[0m  [1m[34mSELECT "schema_migrations"."version" FROM "schema_migrations" ORDER BY "schema_migrations"."version" ASC[0m
  ↳ bin/rails:9
Migrating to CreateCatRentalRequests (20190402235652)
  [1m[35m (0.2ms)[0m  [1m[35mBEGIN[0m
  ↳ bin/rails:9
  [1m[35m (52.3ms)[0m  [1m[35mCREATE TABLE "cat_rental_requests" ("id" bigserial primary key, "cat_id" integer NOT NULL, "start_date" date NOT NULL, "end_date" date NOT NULL, "status" character varying DEFAULT 'PENDING', "created_at" timestamp NOT NULL, "updated_at" timestamp NOT NULL)[0m
  ↳ db/migrate/20190402235652_create_cat_rental_requests.rb:3
  [1m[35m (2.1ms)[0m  [1m[35mCREATE UNIQUE INDEX  "index_cat_rental_requests_on_cat_id" ON "cat_rental_requests"  ("cat_id")[0m
  ↳ db/migrate/20190402235652_create_cat_rental_requests.rb:11
  [1m[36mActiveRecord::SchemaMigration Create (0.6ms)[0m  [1m[32mINSERT INTO "schema_migrations" ("version") VALUES ($1) RETURNING "version"[0m  [["version", "20190402235652"]]
  ↳ bin/rails:9
  [1m[35m (69.5ms)[0m  [1m[35mCOMMIT[0m
  ↳ bin/rails:9
  [1m[36mActiveRecord::InternalMetadata Load (1.1ms)[0m  [1m[34mSELECT  "ar_internal_metadata".* FROM "ar_internal_metadata" WHERE "ar_internal_metadata"."key" = $1 LIMIT $2[0m  [["key", "environment"], ["LIMIT", 1]]
  ↳ bin/rails:9
  [1m[35m (0.3ms)[0m  [1m[35mBEGIN[0m
  ↳ bin/rails:9
  [1m[35m (0.2ms)[0m  [1m[35mCOMMIT[0m
  ↳ bin/rails:9
  [1m[35m (0.4ms)[0m  [1m[34mSELECT pg_advisory_unlock(1110833500595108745)[0m
  ↳ bin/rails:9
  [1m[35m (0.3ms)[0m  [1m[34mSELECT "schema_migrations"."version" FROM "schema_migrations" ORDER BY "schema_migrations"."version" ASC[0m
  ↳ bin/rails:9
  [1m[35m (14.7ms)[0m  [1m[34mSELECT "schema_migrations"."version" FROM "schema_migrations" ORDER BY "schema_migrations"."version" ASC[0m
  ↳ /usr/local/var/rbenv/versions/2.5.0/bin/annotate:23
Started GET "/cats/1" for ::1 at 2019-04-02 17:30:23 -0700
  [1m[35m (1.3ms)[0m  [1m[34mSELECT "schema_migrations"."version" FROM "schema_migrations" ORDER BY "schema_migrations"."version" ASC[0m
  ↳ /usr/local/var/rbenv/versions/2.5.0/lib/ruby/gems/2.5.0/gems/activerecord-5.2.3/lib/active_record/log_subscriber.rb:98
Processing by CatsController#show as HTML
  Parameters: {"id"=>"1"}
  [1m[36mCat Load (0.7ms)[0m  [1m[34mSELECT  "cats".* FROM "cats" WHERE "cats"."id" = $1 LIMIT $2[0m  [["id", 1], ["LIMIT", 1]]
  ↳ app/controllers/cats_controller.rb:7
  Rendering cats/show.html.erb within layouts/application
  Rendered cats/show.html.erb within layouts/application (1.6ms)
Completed 200 OK in 212ms (Views: 128.0ms | ActiveRecord: 19.7ms)


Started GET "/cats/new" for ::1 at 2019-04-02 17:30:26 -0700
Processing by CatsController#new as HTML
  Rendering cats/new.html.erb within layouts/application
  Rendered cats/_form.html.erb (1.4ms)
  Rendered cats/new.html.erb within layouts/application (10.2ms)
Completed 200 OK in 57ms (Views: 35.2ms | ActiveRecord: 0.0ms)


